2022-02-13 17:30:39.212 INFO  [acme.Launcher@main] Starting Launcher using Java 1.8.0_281 on DESKTOP-T2HU3BV with PID 13068 (C:\Users\luise\Desktop\Workspace-22.0\Frameworks\Acme-Framework-22.0\target\classes started by luise in C:\Users\luise\Desktop\Workspace-22.0\Starters\Hello-World-22.0) 
2022-02-13 17:30:39.212 DEBUG [acme.Launcher@main] Running with Spring Boot v2.4.2, Spring v5.3.3 
2022-02-13 17:30:39.213 INFO  [acme.Launcher@main] The following profiles are active: development,default 
2022-02-13 17:30:41.590 DEBUG [org.apache.jasper.servlet.JasperInitializer@main] Initializing Jasper for context [application] 
2022-02-13 17:30:45.836 DEBUG [org.apache.jasper.servlet.JspServlet@main] Scratch dir for the JSP engine is: [C:\Users\luise\AppData\Local\Temp\tomcat.8080.652465717294729832\work\Tomcat\localhost\hello-world-22.0] 
2022-02-13 17:30:45.837 DEBUG [org.apache.jasper.servlet.JspServlet@main] IMPORTANT: Do not modify the generated servlets 
2022-02-13 17:30:45.851 INFO  [acme.Launcher@main] Started Launcher in 7.322 seconds (JVM running for 8.081) 
2022-02-13 17:30:45.856 DEBUG [acme.Launcher@main] Found classpath entry '/C:/Users/luise/Desktop/Workspace-22.0/Starters/Hello-World-22.0/target/classes/' 
2022-02-13 17:30:45.857 DEBUG [acme.Launcher@main] Found classpath entry '/C:/Users/luise/Desktop/Workspace-22.0/Starters/Hello-World-22.0/target/test-classes/' 
2022-02-13 17:30:45.857 DEBUG [acme.Launcher@main] Found classpath entry '/C:/Users/luise/.m2/repository/org/springframework/boot/spring-boot-starter-tomcat/2.4.2/spring-boot-starter-tomcat-2.4.2.jar' 
2022-02-13 17:30:45.857 DEBUG [acme.Launcher@main] Found classpath entry '/C:/Users/luise/.m2/repository/jakarta/annotation/jakarta.annotation-api/1.3.5/jakarta.annotation-api-1.3.5.jar' 
2022-02-13 17:30:45.857 DEBUG [acme.Launcher@main] Found classpath entry '/C:/Users/luise/.m2/repository/org/apache/tomcat/embed/tomcat-embed-core/9.0.41/tomcat-embed-core-9.0.41.jar' 
2022-02-13 17:30:45.858 DEBUG [acme.Launcher@main] Found classpath entry '/C:/Users/luise/.m2/repository/org/glassfish/jakarta.el/3.0.3/jakarta.el-3.0.3.jar' 
2022-02-13 17:30:45.858 DEBUG [acme.Launcher@main] Found classpath entry '/C:/Users/luise/.m2/repository/org/apache/tomcat/embed/tomcat-embed-websocket/9.0.41/tomcat-embed-websocket-9.0.41.jar' 
2022-02-13 17:30:45.858 DEBUG [acme.Launcher@main] Found classpath entry '/C:/Users/luise/.m2/repository/org/apache/tomcat/embed/tomcat-embed-jasper/9.0.41/tomcat-embed-jasper-9.0.41.jar' 
2022-02-13 17:30:45.858 DEBUG [acme.Launcher@main] Found classpath entry '/C:/Users/luise/.m2/repository/org/apache/tomcat/embed/tomcat-embed-el/9.0.41/tomcat-embed-el-9.0.41.jar' 
2022-02-13 17:30:45.859 DEBUG [acme.Launcher@main] Found classpath entry '/C:/Users/luise/.m2/repository/org/eclipse/jdt/ecj/3.18.0/ecj-3.18.0.jar' 
2022-02-13 17:30:45.859 DEBUG [acme.Launcher@main] Found classpath entry '/C:/Users/luise/.m2/repository/javax/servlet/jstl/1.2/jstl-1.2.jar' 
2022-02-13 17:30:45.859 DEBUG [acme.Launcher@main] Found classpath entry '/C:/Users/luise/.m2/repository/org/springframework/boot/spring-boot-starter-test/2.4.2/spring-boot-starter-test-2.4.2.jar' 
2022-02-13 17:30:45.859 DEBUG [acme.Launcher@main] Found classpath entry '/C:/Users/luise/.m2/repository/org/springframework/boot/spring-boot-starter/2.4.2/spring-boot-starter-2.4.2.jar' 
2022-02-13 17:30:45.859 DEBUG [acme.Launcher@main] Found classpath entry '/C:/Users/luise/.m2/repository/org/springframework/boot/spring-boot/2.4.2/spring-boot-2.4.2.jar' 
2022-02-13 17:30:45.860 DEBUG [acme.Launcher@main] Found classpath entry '/C:/Users/luise/.m2/repository/org/springframework/boot/spring-boot-autoconfigure/2.4.2/spring-boot-autoconfigure-2.4.2.jar' 
2022-02-13 17:30:45.860 DEBUG [acme.Launcher@main] Found classpath entry '/C:/Users/luise/.m2/repository/org/springframework/boot/spring-boot-starter-logging/2.4.2/spring-boot-starter-logging-2.4.2.jar' 
2022-02-13 17:30:45.860 DEBUG [acme.Launcher@main] Found classpath entry '/C:/Users/luise/.m2/repository/ch/qos/logback/logback-classic/1.2.3/logback-classic-1.2.3.jar' 
2022-02-13 17:30:45.860 DEBUG [acme.Launcher@main] Found classpath entry '/C:/Users/luise/.m2/repository/ch/qos/logback/logback-core/1.2.3/logback-core-1.2.3.jar' 
2022-02-13 17:30:45.860 DEBUG [acme.Launcher@main] Found classpath entry '/C:/Users/luise/.m2/repository/org/apache/logging/log4j/log4j-to-slf4j/2.13.3/log4j-to-slf4j-2.13.3.jar' 
2022-02-13 17:30:45.861 DEBUG [acme.Launcher@main] Found classpath entry '/C:/Users/luise/.m2/repository/org/apache/logging/log4j/log4j-api/2.13.3/log4j-api-2.13.3.jar' 
2022-02-13 17:30:45.861 DEBUG [acme.Launcher@main] Found classpath entry '/C:/Users/luise/.m2/repository/org/slf4j/jul-to-slf4j/1.7.30/jul-to-slf4j-1.7.30.jar' 
2022-02-13 17:30:45.861 DEBUG [acme.Launcher@main] Found classpath entry '/C:/Users/luise/.m2/repository/org/yaml/snakeyaml/1.27/snakeyaml-1.27.jar' 
2022-02-13 17:30:45.861 DEBUG [acme.Launcher@main] Found classpath entry '/C:/Users/luise/.m2/repository/org/springframework/boot/spring-boot-test/2.4.2/spring-boot-test-2.4.2.jar' 
2022-02-13 17:30:45.862 DEBUG [acme.Launcher@main] Found classpath entry '/C:/Users/luise/.m2/repository/org/springframework/boot/spring-boot-test-autoconfigure/2.4.2/spring-boot-test-autoconfigure-2.4.2.jar' 
2022-02-13 17:30:45.862 DEBUG [acme.Launcher@main] Found classpath entry '/C:/Users/luise/.m2/repository/com/jayway/jsonpath/json-path/2.4.0/json-path-2.4.0.jar' 
2022-02-13 17:30:45.862 DEBUG [acme.Launcher@main] Found classpath entry '/C:/Users/luise/.m2/repository/net/minidev/json-smart/2.3/json-smart-2.3.jar' 
2022-02-13 17:30:45.862 DEBUG [acme.Launcher@main] Found classpath entry '/C:/Users/luise/.m2/repository/net/minidev/accessors-smart/1.2/accessors-smart-1.2.jar' 
2022-02-13 17:30:45.862 DEBUG [acme.Launcher@main] Found classpath entry '/C:/Users/luise/.m2/repository/org/ow2/asm/asm/5.0.4/asm-5.0.4.jar' 
2022-02-13 17:30:45.863 DEBUG [acme.Launcher@main] Found classpath entry '/C:/Users/luise/.m2/repository/jakarta/xml/bind/jakarta.xml.bind-api/2.3.3/jakarta.xml.bind-api-2.3.3.jar' 
2022-02-13 17:30:45.863 DEBUG [acme.Launcher@main] Found classpath entry '/C:/Users/luise/.m2/repository/jakarta/activation/jakarta.activation-api/1.2.2/jakarta.activation-api-1.2.2.jar' 
2022-02-13 17:30:45.863 DEBUG [acme.Launcher@main] Found classpath entry '/C:/Users/luise/.m2/repository/org/assertj/assertj-core/3.18.1/assertj-core-3.18.1.jar' 
2022-02-13 17:30:45.863 DEBUG [acme.Launcher@main] Found classpath entry '/C:/Users/luise/.m2/repository/org/hamcrest/hamcrest/2.2/hamcrest-2.2.jar' 
2022-02-13 17:30:45.863 DEBUG [acme.Launcher@main] Found classpath entry '/C:/Users/luise/.m2/repository/org/junit/jupiter/junit-jupiter/5.7.0/junit-jupiter-5.7.0.jar' 
2022-02-13 17:30:45.864 DEBUG [acme.Launcher@main] Found classpath entry '/C:/Users/luise/.m2/repository/org/mockito/mockito-core/3.6.28/mockito-core-3.6.28.jar' 
2022-02-13 17:30:45.864 DEBUG [acme.Launcher@main] Found classpath entry '/C:/Users/luise/.m2/repository/net/bytebuddy/byte-buddy-agent/1.10.19/byte-buddy-agent-1.10.19.jar' 
2022-02-13 17:30:45.864 DEBUG [acme.Launcher@main] Found classpath entry '/C:/Users/luise/.m2/repository/org/objenesis/objenesis/3.1/objenesis-3.1.jar' 
2022-02-13 17:30:45.864 DEBUG [acme.Launcher@main] Found classpath entry '/C:/Users/luise/.m2/repository/org/mockito/mockito-junit-jupiter/3.6.28/mockito-junit-jupiter-3.6.28.jar' 
2022-02-13 17:30:45.864 DEBUG [acme.Launcher@main] Found classpath entry '/C:/Users/luise/.m2/repository/org/skyscreamer/jsonassert/1.5.0/jsonassert-1.5.0.jar' 
2022-02-13 17:30:45.865 DEBUG [acme.Launcher@main] Found classpath entry '/C:/Users/luise/.m2/repository/com/vaadin/external/google/android-json/0.0.20131108.vaadin1/android-json-0.0.20131108.vaadin1.jar' 
2022-02-13 17:30:45.865 DEBUG [acme.Launcher@main] Found classpath entry '/C:/Users/luise/.m2/repository/org/springframework/spring-core/5.3.3/spring-core-5.3.3.jar' 
2022-02-13 17:30:45.865 DEBUG [acme.Launcher@main] Found classpath entry '/C:/Users/luise/.m2/repository/org/springframework/spring-jcl/5.3.3/spring-jcl-5.3.3.jar' 
2022-02-13 17:30:45.865 DEBUG [acme.Launcher@main] Found classpath entry '/C:/Users/luise/.m2/repository/org/springframework/spring-test/5.3.3/spring-test-5.3.3.jar' 
2022-02-13 17:30:45.866 DEBUG [acme.Launcher@main] Found classpath entry '/C:/Users/luise/.m2/repository/org/xmlunit/xmlunit-core/2.7.0/xmlunit-core-2.7.0.jar' 
2022-02-13 17:30:45.866 DEBUG [acme.Launcher@main] Found classpath entry '/C:/Users/luise/.m2/repository/org/springframework/boot/spring-boot-starter-security/2.4.2/spring-boot-starter-security-2.4.2.jar' 
2022-02-13 17:30:45.866 DEBUG [acme.Launcher@main] Found classpath entry '/C:/Users/luise/.m2/repository/org/springframework/spring-aop/5.3.3/spring-aop-5.3.3.jar' 
2022-02-13 17:30:45.866 DEBUG [acme.Launcher@main] Found classpath entry '/C:/Users/luise/.m2/repository/org/springframework/security/spring-security-web/5.4.2/spring-security-web-5.4.2.jar' 
2022-02-13 17:30:45.866 DEBUG [acme.Launcher@main] Found classpath entry '/C:/Users/luise/.m2/repository/org/springframework/security/spring-security-core/5.4.2/spring-security-core-5.4.2.jar' 
2022-02-13 17:30:45.867 DEBUG [acme.Launcher@main] Found classpath entry '/C:/Users/luise/.m2/repository/org/springframework/spring-beans/5.3.3/spring-beans-5.3.3.jar' 
2022-02-13 17:30:45.867 DEBUG [acme.Launcher@main] Found classpath entry '/C:/Users/luise/.m2/repository/org/springframework/spring-context/5.3.3/spring-context-5.3.3.jar' 
2022-02-13 17:30:45.867 DEBUG [acme.Launcher@main] Found classpath entry '/C:/Users/luise/.m2/repository/org/springframework/spring-expression/5.3.3/spring-expression-5.3.3.jar' 
2022-02-13 17:30:45.867 DEBUG [acme.Launcher@main] Found classpath entry '/C:/Users/luise/.m2/repository/org/springframework/spring-web/5.3.3/spring-web-5.3.3.jar' 
2022-02-13 17:30:45.867 DEBUG [acme.Launcher@main] Found classpath entry '/C:/Users/luise/.m2/repository/org/springframework/security/spring-security-config/5.4.2/spring-security-config-5.4.2.jar' 
2022-02-13 17:30:45.868 DEBUG [acme.Launcher@main] Found classpath entry '/C:/Users/luise/.m2/repository/org/springframework/security/spring-security-taglibs/5.4.2/spring-security-taglibs-5.4.2.jar' 
2022-02-13 17:30:45.868 DEBUG [acme.Launcher@main] Found classpath entry '/C:/Users/luise/.m2/repository/org/springframework/security/spring-security-acl/5.4.2/spring-security-acl-5.4.2.jar' 
2022-02-13 17:30:45.868 DEBUG [acme.Launcher@main] Found classpath entry '/C:/Users/luise/.m2/repository/org/springframework/spring-jdbc/5.3.3/spring-jdbc-5.3.3.jar' 
2022-02-13 17:30:45.868 DEBUG [acme.Launcher@main] Found classpath entry '/C:/Users/luise/.m2/repository/org/springframework/spring-tx/5.3.3/spring-tx-5.3.3.jar' 
2022-02-13 17:30:45.868 DEBUG [acme.Launcher@main] Found classpath entry '/C:/Users/luise/.m2/repository/org/springframework/boot/spring-boot-starter-web/2.4.2/spring-boot-starter-web-2.4.2.jar' 
2022-02-13 17:30:45.868 DEBUG [acme.Launcher@main] Found classpath entry '/C:/Users/luise/.m2/repository/org/springframework/boot/spring-boot-starter-json/2.4.2/spring-boot-starter-json-2.4.2.jar' 
2022-02-13 17:30:45.869 DEBUG [acme.Launcher@main] Found classpath entry '/C:/Users/luise/.m2/repository/com/fasterxml/jackson/core/jackson-databind/2.11.4/jackson-databind-2.11.4.jar' 
2022-02-13 17:30:45.869 DEBUG [acme.Launcher@main] Found classpath entry '/C:/Users/luise/.m2/repository/com/fasterxml/jackson/core/jackson-annotations/2.11.4/jackson-annotations-2.11.4.jar' 
2022-02-13 17:30:45.869 DEBUG [acme.Launcher@main] Found classpath entry '/C:/Users/luise/.m2/repository/com/fasterxml/jackson/core/jackson-core/2.11.4/jackson-core-2.11.4.jar' 
2022-02-13 17:30:45.869 DEBUG [acme.Launcher@main] Found classpath entry '/C:/Users/luise/.m2/repository/com/fasterxml/jackson/datatype/jackson-datatype-jdk8/2.11.4/jackson-datatype-jdk8-2.11.4.jar' 
2022-02-13 17:30:45.869 DEBUG [acme.Launcher@main] Found classpath entry '/C:/Users/luise/.m2/repository/com/fasterxml/jackson/datatype/jackson-datatype-jsr310/2.11.4/jackson-datatype-jsr310-2.11.4.jar' 
2022-02-13 17:30:45.870 DEBUG [acme.Launcher@main] Found classpath entry '/C:/Users/luise/.m2/repository/com/fasterxml/jackson/module/jackson-module-parameter-names/2.11.4/jackson-module-parameter-names-2.11.4.jar' 
2022-02-13 17:30:45.870 DEBUG [acme.Launcher@main] Found classpath entry '/C:/Users/luise/.m2/repository/org/springframework/spring-webmvc/5.3.3/spring-webmvc-5.3.3.jar' 
2022-02-13 17:30:45.870 DEBUG [acme.Launcher@main] Found classpath entry '/C:/Users/luise/.m2/repository/org/apache/tiles/tiles-jsp/3.0.8/tiles-jsp-3.0.8.jar' 
2022-02-13 17:30:45.871 DEBUG [acme.Launcher@main] Found classpath entry '/C:/Users/luise/.m2/repository/org/apache/tiles/tiles-servlet/3.0.8/tiles-servlet-3.0.8.jar' 
2022-02-13 17:30:45.871 DEBUG [acme.Launcher@main] Found classpath entry '/C:/Users/luise/.m2/repository/org/apache/tiles/tiles-core/3.0.8/tiles-core-3.0.8.jar' 
2022-02-13 17:30:45.871 DEBUG [acme.Launcher@main] Found classpath entry '/C:/Users/luise/.m2/repository/commons-digester/commons-digester/2.0/commons-digester-2.0.jar' 
2022-02-13 17:30:45.871 DEBUG [acme.Launcher@main] Found classpath entry '/C:/Users/luise/.m2/repository/org/slf4j/jcl-over-slf4j/1.7.30/jcl-over-slf4j-1.7.30.jar' 
2022-02-13 17:30:45.871 DEBUG [acme.Launcher@main] Found classpath entry '/C:/Users/luise/.m2/repository/org/apache/tiles/tiles-request-servlet/1.0.7/tiles-request-servlet-1.0.7.jar' 
2022-02-13 17:30:45.872 DEBUG [acme.Launcher@main] Found classpath entry '/C:/Users/luise/.m2/repository/org/apache/tiles/tiles-template/3.0.8/tiles-template-3.0.8.jar' 
2022-02-13 17:30:45.872 DEBUG [acme.Launcher@main] Found classpath entry '/C:/Users/luise/.m2/repository/org/apache/tiles/tiles-api/3.0.8/tiles-api-3.0.8.jar' 
2022-02-13 17:30:45.872 DEBUG [acme.Launcher@main] Found classpath entry '/C:/Users/luise/.m2/repository/org/apache/tiles/tiles-autotag-core-runtime/1.2/tiles-autotag-core-runtime-1.2.jar' 
2022-02-13 17:30:45.872 DEBUG [acme.Launcher@main] Found classpath entry '/C:/Users/luise/.m2/repository/org/slf4j/slf4j-api/1.7.30/slf4j-api-1.7.30.jar' 
2022-02-13 17:30:45.872 DEBUG [acme.Launcher@main] Found classpath entry '/C:/Users/luise/.m2/repository/org/apache/tiles/tiles-request-jsp/1.0.7/tiles-request-jsp-1.0.7.jar' 
2022-02-13 17:30:45.872 DEBUG [acme.Launcher@main] Found classpath entry '/C:/Users/luise/.m2/repository/org/apache/tiles/tiles-request-api/1.0.7/tiles-request-api-1.0.7.jar' 
2022-02-13 17:30:45.873 DEBUG [acme.Launcher@main] Found classpath entry '/C:/Users/luise/.m2/repository/org/springframework/boot/spring-boot-starter-data-jpa/2.4.2/spring-boot-starter-data-jpa-2.4.2.jar' 
2022-02-13 17:30:45.873 DEBUG [acme.Launcher@main] Found classpath entry '/C:/Users/luise/.m2/repository/org/springframework/boot/spring-boot-starter-aop/2.4.2/spring-boot-starter-aop-2.4.2.jar' 
2022-02-13 17:30:45.873 DEBUG [acme.Launcher@main] Found classpath entry '/C:/Users/luise/.m2/repository/org/aspectj/aspectjweaver/1.9.6/aspectjweaver-1.9.6.jar' 
2022-02-13 17:30:45.873 DEBUG [acme.Launcher@main] Found classpath entry '/C:/Users/luise/.m2/repository/org/springframework/boot/spring-boot-starter-jdbc/2.4.2/spring-boot-starter-jdbc-2.4.2.jar' 
2022-02-13 17:30:45.873 DEBUG [acme.Launcher@main] Found classpath entry '/C:/Users/luise/.m2/repository/jakarta/transaction/jakarta.transaction-api/1.3.3/jakarta.transaction-api-1.3.3.jar' 
2022-02-13 17:30:45.873 DEBUG [acme.Launcher@main] Found classpath entry '/C:/Users/luise/.m2/repository/jakarta/persistence/jakarta.persistence-api/2.2.3/jakarta.persistence-api-2.2.3.jar' 
2022-02-13 17:30:45.874 DEBUG [acme.Launcher@main] Found classpath entry '/C:/Users/luise/.m2/repository/org/hibernate/hibernate-core/5.4.27.Final/hibernate-core-5.4.27.Final.jar' 
2022-02-13 17:30:45.874 DEBUG [acme.Launcher@main] Found classpath entry '/C:/Users/luise/.m2/repository/org/jboss/logging/jboss-logging/3.4.1.Final/jboss-logging-3.4.1.Final.jar' 
2022-02-13 17:30:45.874 DEBUG [acme.Launcher@main] Found classpath entry '/C:/Users/luise/.m2/repository/org/javassist/javassist/3.27.0-GA/javassist-3.27.0-GA.jar' 
2022-02-13 17:30:45.874 DEBUG [acme.Launcher@main] Found classpath entry '/C:/Users/luise/.m2/repository/antlr/antlr/2.7.7/antlr-2.7.7.jar' 
2022-02-13 17:30:45.874 DEBUG [acme.Launcher@main] Found classpath entry '/C:/Users/luise/.m2/repository/org/jboss/jandex/2.1.3.Final/jandex-2.1.3.Final.jar' 
2022-02-13 17:30:45.874 DEBUG [acme.Launcher@main] Found classpath entry '/C:/Users/luise/.m2/repository/com/fasterxml/classmate/1.5.1/classmate-1.5.1.jar' 
2022-02-13 17:30:45.875 DEBUG [acme.Launcher@main] Found classpath entry '/C:/Users/luise/.m2/repository/org/dom4j/dom4j/2.1.3/dom4j-2.1.3.jar' 
2022-02-13 17:30:45.875 DEBUG [acme.Launcher@main] Found classpath entry '/C:/Users/luise/.m2/repository/org/hibernate/common/hibernate-commons-annotations/5.1.2.Final/hibernate-commons-annotations-5.1.2.Final.jar' 
2022-02-13 17:30:45.875 DEBUG [acme.Launcher@main] Found classpath entry '/C:/Users/luise/.m2/repository/org/glassfish/jaxb/jaxb-runtime/2.3.3/jaxb-runtime-2.3.3.jar' 
2022-02-13 17:30:45.875 DEBUG [acme.Launcher@main] Found classpath entry '/C:/Users/luise/.m2/repository/org/glassfish/jaxb/txw2/2.3.3/txw2-2.3.3.jar' 
2022-02-13 17:30:45.875 DEBUG [acme.Launcher@main] Found classpath entry '/C:/Users/luise/.m2/repository/com/sun/istack/istack-commons-runtime/3.0.11/istack-commons-runtime-3.0.11.jar' 
2022-02-13 17:30:45.875 DEBUG [acme.Launcher@main] Found classpath entry '/C:/Users/luise/.m2/repository/com/sun/activation/jakarta.activation/1.2.2/jakarta.activation-1.2.2.jar' 
2022-02-13 17:30:45.875 DEBUG [acme.Launcher@main] Found classpath entry '/C:/Users/luise/.m2/repository/org/springframework/data/spring-data-jpa/2.4.3/spring-data-jpa-2.4.3.jar' 
2022-02-13 17:30:45.875 DEBUG [acme.Launcher@main] Found classpath entry '/C:/Users/luise/.m2/repository/org/springframework/data/spring-data-commons/2.4.3/spring-data-commons-2.4.3.jar' 
2022-02-13 17:30:45.876 DEBUG [acme.Launcher@main] Found classpath entry '/C:/Users/luise/.m2/repository/org/springframework/spring-orm/5.3.3/spring-orm-5.3.3.jar' 
2022-02-13 17:30:45.876 DEBUG [acme.Launcher@main] Found classpath entry '/C:/Users/luise/.m2/repository/org/springframework/spring-aspects/5.3.3/spring-aspects-5.3.3.jar' 
2022-02-13 17:30:45.876 DEBUG [acme.Launcher@main] Found classpath entry '/C:/Users/luise/.m2/repository/org/springframework/boot/spring-boot-starter-validation/2.4.2/spring-boot-starter-validation-2.4.2.jar' 
2022-02-13 17:30:45.876 DEBUG [acme.Launcher@main] Found classpath entry '/C:/Users/luise/.m2/repository/org/hibernate/validator/hibernate-validator/6.1.7.Final/hibernate-validator-6.1.7.Final.jar' 
2022-02-13 17:30:45.876 DEBUG [acme.Launcher@main] Found classpath entry '/C:/Users/luise/.m2/repository/jakarta/validation/jakarta.validation-api/2.0.2/jakarta.validation-api-2.0.2.jar' 
2022-02-13 17:30:45.876 DEBUG [acme.Launcher@main] Found classpath entry '/C:/Users/luise/.m2/repository/mysql/mysql-connector-java/8.0.22/mysql-connector-java-8.0.22.jar' 
2022-02-13 17:30:45.876 DEBUG [acme.Launcher@main] Found classpath entry '/C:/Users/luise/.m2/repository/com/zaxxer/HikariCP/3.4.5/HikariCP-3.4.5.jar' 
2022-02-13 17:30:45.877 DEBUG [acme.Launcher@main] Found classpath entry '/C:/Users/luise/.m2/repository/org/junit/jupiter/junit-jupiter-engine/5.7.0/junit-jupiter-engine-5.7.0.jar' 
2022-02-13 17:30:45.877 DEBUG [acme.Launcher@main] Found classpath entry '/C:/Users/luise/.m2/repository/org/apiguardian/apiguardian-api/1.1.0/apiguardian-api-1.1.0.jar' 
2022-02-13 17:30:45.877 DEBUG [acme.Launcher@main] Found classpath entry '/C:/Users/luise/.m2/repository/org/junit/platform/junit-platform-engine/1.7.0/junit-platform-engine-1.7.0.jar' 
2022-02-13 17:30:45.877 DEBUG [acme.Launcher@main] Found classpath entry '/C:/Users/luise/.m2/repository/org/junit/jupiter/junit-jupiter-api/5.7.0/junit-jupiter-api-5.7.0.jar' 
2022-02-13 17:30:45.877 DEBUG [acme.Launcher@main] Found classpath entry '/C:/Users/luise/.m2/repository/org/opentest4j/opentest4j/1.2.0/opentest4j-1.2.0.jar' 
2022-02-13 17:30:45.877 DEBUG [acme.Launcher@main] Found classpath entry '/C:/Users/luise/.m2/repository/org/junit/platform/junit-platform-commons/1.7.0/junit-platform-commons-1.7.0.jar' 
2022-02-13 17:30:45.878 DEBUG [acme.Launcher@main] Found classpath entry '/C:/Users/luise/.m2/repository/org/junit/jupiter/junit-jupiter-params/5.7.0/junit-jupiter-params-5.7.0.jar' 
2022-02-13 17:30:45.878 DEBUG [acme.Launcher@main] Found classpath entry '/C:/Users/luise/.m2/repository/org/junit/platform/junit-platform-launcher/1.7.0/junit-platform-launcher-1.7.0.jar' 
2022-02-13 17:30:45.878 DEBUG [acme.Launcher@main] Found classpath entry '/C:/Users/luise/.m2/repository/org/seleniumhq/selenium/selenium-java/3.141.59/selenium-java-3.141.59.jar' 
2022-02-13 17:30:45.878 DEBUG [acme.Launcher@main] Found classpath entry '/C:/Users/luise/.m2/repository/org/seleniumhq/selenium/selenium-api/3.141.59/selenium-api-3.141.59.jar' 
2022-02-13 17:30:45.878 DEBUG [acme.Launcher@main] Found classpath entry '/C:/Users/luise/.m2/repository/org/seleniumhq/selenium/selenium-chrome-driver/3.141.59/selenium-chrome-driver-3.141.59.jar' 
2022-02-13 17:30:45.878 DEBUG [acme.Launcher@main] Found classpath entry '/C:/Users/luise/.m2/repository/org/seleniumhq/selenium/selenium-edge-driver/3.141.59/selenium-edge-driver-3.141.59.jar' 
2022-02-13 17:30:45.878 DEBUG [acme.Launcher@main] Found classpath entry '/C:/Users/luise/.m2/repository/org/seleniumhq/selenium/selenium-firefox-driver/3.141.59/selenium-firefox-driver-3.141.59.jar' 
2022-02-13 17:30:45.879 DEBUG [acme.Launcher@main] Found classpath entry '/C:/Users/luise/.m2/repository/org/seleniumhq/selenium/selenium-ie-driver/3.141.59/selenium-ie-driver-3.141.59.jar' 
2022-02-13 17:30:45.879 DEBUG [acme.Launcher@main] Found classpath entry '/C:/Users/luise/.m2/repository/org/seleniumhq/selenium/selenium-opera-driver/3.141.59/selenium-opera-driver-3.141.59.jar' 
2022-02-13 17:30:45.879 DEBUG [acme.Launcher@main] Found classpath entry '/C:/Users/luise/.m2/repository/org/seleniumhq/selenium/selenium-remote-driver/3.141.59/selenium-remote-driver-3.141.59.jar' 
2022-02-13 17:30:45.879 DEBUG [acme.Launcher@main] Found classpath entry '/C:/Users/luise/.m2/repository/org/seleniumhq/selenium/selenium-safari-driver/3.141.59/selenium-safari-driver-3.141.59.jar' 
2022-02-13 17:30:45.879 DEBUG [acme.Launcher@main] Found classpath entry '/C:/Users/luise/.m2/repository/org/seleniumhq/selenium/selenium-support/3.141.59/selenium-support-3.141.59.jar' 
2022-02-13 17:30:45.879 DEBUG [acme.Launcher@main] Found classpath entry '/C:/Users/luise/.m2/repository/net/bytebuddy/byte-buddy/1.10.19/byte-buddy-1.10.19.jar' 
2022-02-13 17:30:45.879 DEBUG [acme.Launcher@main] Found classpath entry '/C:/Users/luise/.m2/repository/org/apache/commons/commons-exec/1.3/commons-exec-1.3.jar' 
2022-02-13 17:30:45.880 DEBUG [acme.Launcher@main] Found classpath entry '/C:/Users/luise/.m2/repository/com/google/guava/guava/25.0-jre/guava-25.0-jre.jar' 
2022-02-13 17:30:45.880 DEBUG [acme.Launcher@main] Found classpath entry '/C:/Users/luise/.m2/repository/com/google/code/findbugs/jsr305/1.3.9/jsr305-1.3.9.jar' 
2022-02-13 17:30:45.880 DEBUG [acme.Launcher@main] Found classpath entry '/C:/Users/luise/.m2/repository/org/checkerframework/checker-compat-qual/2.0.0/checker-compat-qual-2.0.0.jar' 
2022-02-13 17:30:45.880 DEBUG [acme.Launcher@main] Found classpath entry '/C:/Users/luise/.m2/repository/com/google/errorprone/error_prone_annotations/2.1.3/error_prone_annotations-2.1.3.jar' 
2022-02-13 17:30:45.880 DEBUG [acme.Launcher@main] Found classpath entry '/C:/Users/luise/.m2/repository/com/google/j2objc/j2objc-annotations/1.1/j2objc-annotations-1.1.jar' 
2022-02-13 17:30:45.880 DEBUG [acme.Launcher@main] Found classpath entry '/C:/Users/luise/.m2/repository/org/codehaus/mojo/animal-sniffer-annotations/1.14/animal-sniffer-annotations-1.14.jar' 
2022-02-13 17:30:45.880 DEBUG [acme.Launcher@main] Found classpath entry '/C:/Users/luise/.m2/repository/com/squareup/okhttp3/okhttp/3.14.9/okhttp-3.14.9.jar' 
2022-02-13 17:30:45.880 DEBUG [acme.Launcher@main] Found classpath entry '/C:/Users/luise/.m2/repository/com/squareup/okio/okio/1.14.0/okio-1.14.0.jar' 
2022-02-13 17:30:45.881 DEBUG [acme.Launcher@main] Found classpath entry '/C:/Users/luise/.m2/repository/org/apache/commons/commons-lang3/3.11/commons-lang3-3.11.jar' 
2022-02-13 17:30:45.881 DEBUG [acme.Launcher@main] Found classpath entry '/C:/Users/luise/.m2/repository/org/apache/commons/commons-text/1.8/commons-text-1.8.jar' 
2022-02-13 17:30:45.881 DEBUG [acme.Launcher@main] Found classpath entry '/C:/Users/luise/.m2/repository/commons-io/commons-io/2.6/commons-io-2.6.jar' 
2022-02-13 17:30:45.881 DEBUG [acme.Launcher@main] Found classpath entry '/C:/Users/luise/.m2/repository/commons-cli/commons-cli/1.4/commons-cli-1.4.jar' 
2022-02-13 17:30:45.881 DEBUG [acme.Launcher@main] Found classpath entry '/C:/Users/luise/.m2/repository/org/projectlombok/lombok/1.18.16/lombok-1.18.16.jar' 
2022-02-13 17:30:45.881 DEBUG [acme.Launcher@main] Found classpath entry '/C:/Users/luise/.m2/repository/com/opencsv/opencsv/5.4/opencsv-5.4.jar' 
2022-02-13 17:30:45.881 DEBUG [acme.Launcher@main] Found classpath entry '/C:/Users/luise/.m2/repository/commons-beanutils/commons-beanutils/1.9.4/commons-beanutils-1.9.4.jar' 
2022-02-13 17:30:45.881 DEBUG [acme.Launcher@main] Found classpath entry '/C:/Users/luise/.m2/repository/commons-logging/commons-logging/1.2/commons-logging-1.2.jar' 
2022-02-13 17:30:45.882 DEBUG [acme.Launcher@main] Found classpath entry '/C:/Users/luise/.m2/repository/commons-collections/commons-collections/3.2.2/commons-collections-3.2.2.jar' 
2022-02-13 17:30:45.882 DEBUG [acme.Launcher@main] Found classpath entry '/C:/Users/luise/.m2/repository/org/apache/commons/commons-collections4/4.4/commons-collections4-4.4.jar' 
2022-02-13 17:30:45.882 DEBUG [acme.Launcher@main] Found classpath entry '/C:/Users/luise/Desktop/Workspace-22.0/Frameworks/Acme-Framework-22.0/target/classes/' 
2022-02-13 17:30:45.882 DEBUG [acme.Launcher@main] Found classpath entry '/C:/Users/luise/Desktop/Workspace-22.0/Frameworks/Acme-Framework-22.0/target/test-classes/' 
2022-02-13 17:30:45.882 DEBUG [acme.Launcher@main] Found classpath entry '/C:/Users/luise/Desktop/Workspace-22.0/Tools/IDEs/eclipse-jee-2021-12-R/configuration/org.eclipse.osgi/418/0/.cp/lib/javaagent-shaded.jar' 
2022-02-13 17:30:45.924 DEBUG [acme.Launcher@main] Found entity class 'acme.roles.Consumer 
2022-02-13 17:30:45.924 DEBUG [acme.Launcher@main] Found entity class 'acme.roles.Provider 
2022-02-13 17:30:45.924 DEBUG [acme.Launcher@main] Found entity class 'acme.framework.entities.UserAccount 
2022-02-13 17:30:45.925 DEBUG [acme.Launcher@main] Found entity class 'acme.framework.roles.Administrator 
2022-02-13 17:30:45.925 DEBUG [acme.Launcher@main] Found entity class 'acme.framework.roles.Anonymous 
2022-02-13 17:30:45.925 DEBUG [acme.Launcher@main] Found entity class 'acme.framework.roles.Authenticated 
2022-02-13 17:30:45.928 INFO  [acme.Launcher@main] Running application (Standalone) 
2022-02-13 17:31:12.054 DEBUG [acme.framework.components.tiles.DynamicTilesView@http-nio-8080-exec-1] View name 'fragments/welcome', model {} 
2022-02-13 17:31:12.072 DEBUG [org.apache.tiles.definition.dao.BaseLocaleUrlDefinitionDAO@http-nio-8080-exec-1] File Resource file:/C:/Users/luise/Desktop/Workspace-22.0/Starters/Hello-World-22.0/target/classes/WEB-INF/views/master/tiles_en.xml at file:/C:/Users/luise/Desktop/Workspace-22.0/Starters/Hello-World-22.0/target/classes/WEB-INF/views/master/tiles_en.xml not found, continue 
2022-02-13 17:31:12.081 DEBUG [org.apache.jasper.servlet.JspServlet@http-nio-8080-exec-1] JspEngine --> /WEB-INF/views/master/page.jsp 
2022-02-13 17:31:12.082 DEBUG [org.apache.jasper.servlet.JspServlet@http-nio-8080-exec-1] ServletPath: /WEB-INF/views/master/page.jsp 
2022-02-13 17:31:12.082 DEBUG [org.apache.jasper.servlet.JspServlet@http-nio-8080-exec-1] PathInfo: null 
2022-02-13 17:31:12.084 DEBUG [org.apache.jasper.servlet.JspServlet@http-nio-8080-exec-1] RealPath: C:\Users\luise\Desktop\Workspace-22.0\Starters\Hello-World-22.0\target\classes\WEB-INF\views\master\page.jsp 
2022-02-13 17:31:12.085 DEBUG [org.apache.jasper.servlet.JspServlet@http-nio-8080-exec-1] RequestURI: /hello-world-22.0/WEB-INF/views/master/page.jsp 
2022-02-13 17:31:12.085 DEBUG [org.apache.jasper.servlet.JspServlet@http-nio-8080-exec-1] QueryString: null 
2022-02-13 17:31:15.145 DEBUG [acme.framework.configuration.ExtendedMessageSource@http-nio-8080-exec-1] Loading properties [messsages-en.i18n] with encoding 'utf-8' 
2022-02-13 17:31:15.147 DEBUG [acme.framework.configuration.ExtendedMessageSource@http-nio-8080-exec-1] Loading properties [messsages-en.i18n] with encoding 'utf-8' 
2022-02-13 17:31:15.148 DEBUG [acme.framework.configuration.ExtendedMessageSource@http-nio-8080-exec-1] Loading properties [messsages-en.i18n] with encoding 'utf-8' 
2022-02-13 17:31:15.149 DEBUG [acme.framework.configuration.ExtendedMessageSource@http-nio-8080-exec-1] Loading properties [messsages-en.i18n] with encoding 'utf-8' 
2022-02-13 17:31:15.150 DEBUG [acme.framework.configuration.ExtendedMessageSource@http-nio-8080-exec-1] Loading properties [messsages-en.i18n] with encoding 'utf-8' 
2022-02-13 17:31:15.151 DEBUG [acme.framework.configuration.ExtendedMessageSource@http-nio-8080-exec-1] Loading properties [banner-en.i18n] with encoding 'utf-8' 
2022-02-13 17:31:15.152 DEBUG [acme.framework.configuration.ExtendedMessageSource@http-nio-8080-exec-1] Loading properties [company-en.i18n] with encoding 'utf-8' 
2022-02-13 17:31:15.153 DEBUG [acme.framework.configuration.ExtendedMessageSource@http-nio-8080-exec-1] Loading properties [footer-en.i18n] with encoding 'utf-8' 
2022-02-13 17:31:15.155 DEBUG [acme.framework.configuration.ExtendedMessageSource@http-nio-8080-exec-1] Loading properties [license-en.i18n] with encoding 'utf-8' 
2022-02-13 17:31:15.156 DEBUG [acme.framework.configuration.ExtendedMessageSource@http-nio-8080-exec-1] Loading properties [menu-en.i18n] with encoding 'utf-8' 
2022-02-13 17:31:15.157 DEBUG [acme.framework.configuration.ExtendedMessageSource@http-nio-8080-exec-1] Loading properties [messsages-en.i18n] with encoding 'utf-8' 
2022-02-13 17:31:15.158 DEBUG [acme.framework.configuration.ExtendedMessageSource@http-nio-8080-exec-1] Loading properties [title-en.i18n] with encoding 'utf-8' 
2022-02-13 17:31:15.158 DEBUG [acme.framework.configuration.ExtendedMessageSource@http-nio-8080-exec-1] Loading properties [welcome-en.i18n] with encoding 'utf-8' 
2022-02-13 17:31:15.159 DEBUG [acme.framework.configuration.ExtendedMessageSource@http-nio-8080-exec-1] Loading properties [defaults-en.i18n] with encoding 'utf-8' 
2022-02-13 17:31:15.160 DEBUG [acme.framework.configuration.ExtendedMessageSource@http-nio-8080-exec-1] Loading properties [master-en.i18n] with encoding 'utf-8' 
2022-02-13 17:31:15.161 DEBUG [acme.framework.configuration.ExtendedMessageSource@http-nio-8080-exec-1] Loading properties [throwables-en.i18n] with encoding 'utf-8' 
2022-02-13 17:31:15.161 DEBUG [acme.framework.configuration.ExtendedMessageSource@http-nio-8080-exec-1] Loading properties [validation-en.i18n] with encoding 'utf-8' 
2022-02-13 17:31:15.253 DEBUG [org.apache.jasper.servlet.JspServlet@http-nio-8080-exec-1] JspEngine --> /WEB-INF/views/fragments/welcome.jsp 
2022-02-13 17:31:15.254 DEBUG [org.apache.jasper.servlet.JspServlet@http-nio-8080-exec-1] ServletPath: /WEB-INF/views/master/page.jsp 
2022-02-13 17:31:15.254 DEBUG [org.apache.jasper.servlet.JspServlet@http-nio-8080-exec-1] PathInfo: null 
2022-02-13 17:31:15.255 DEBUG [org.apache.jasper.servlet.JspServlet@http-nio-8080-exec-1] RealPath: C:\Users\luise\Desktop\Workspace-22.0\Starters\Hello-World-22.0\target\classes\WEB-INF\views\fragments\welcome.jsp 
2022-02-13 17:31:15.256 DEBUG [org.apache.jasper.servlet.JspServlet@http-nio-8080-exec-1] RequestURI: /hello-world-22.0/WEB-INF/views/master/page.jsp 
2022-02-13 17:31:15.256 DEBUG [org.apache.jasper.servlet.JspServlet@http-nio-8080-exec-1] QueryString: null 
2022-02-13 17:31:15.478 DEBUG [org.hibernate.SQL@http-nio-8080-exec-1] select useraccoun0_.id as id1_0_, useraccoun0_.version as version2_0_, useraccoun0_.enabled as enabled1_6_, useraccoun0_.identity_email as identity2_6_, useraccoun0_.identity_name as identity3_6_, useraccoun0_.identity_surname as identity4_6_, useraccoun0_.password as password5_6_, useraccoun0_.username as username6_6_ from user_account useraccoun0_ where useraccoun0_.username=? 
2022-02-13 17:31:15.505 TRACE [org.hibernate.type.descriptor.sql.BasicBinder@http-nio-8080-exec-1] binding parameter [1] as [VARCHAR] - [anonymous] 
2022-02-13 17:31:15.547 DEBUG [org.hibernate.SQL@http-nio-8080-exec-1] select roles0_.user_account_id as user_acc1_7_0_, roles0_.id as id1_7_0_, roles0_.id as id1_0_1_, roles0_.version as version2_0_1_, roles0_.user_account_id as user_acc1_7_1_, roles0_.company as company1_4_1_, roles0_.sector as sector2_4_1_, roles0_.company as company1_5_1_, roles0_.sector as sector2_5_1_, roles0_.clazz_ as clazz_1_ from ( select id, version, user_account_id, company, sector, 2 as clazz_ from consumer union all select id, version, user_account_id, company, sector, 3 as clazz_ from provider union all select id, version, user_account_id, null as company, null as sector, 5 as clazz_ from administrator union all select id, version, user_account_id, null as company, null as sector, 6 as clazz_ from anonymous union all select id, version, user_account_id, null as company, null as sector, 7 as clazz_ from authenticated ) roles0_ where roles0_.user_account_id=? 
2022-02-13 17:31:15.548 TRACE [org.hibernate.type.descriptor.sql.BasicBinder@http-nio-8080-exec-1] binding parameter [1] as [INTEGER] - [1] 
2022-02-13 17:31:50.428 DEBUG [acme.framework.components.tiles.DynamicTilesView@http-nio-8080-exec-9] View name 'master/sign-in', model {username=, password=, remember=false} 
2022-02-13 17:31:50.429 DEBUG [org.apache.jasper.servlet.JspServlet@http-nio-8080-exec-9] JspEngine --> /WEB-INF/views/master/page.jsp 
2022-02-13 17:31:50.429 DEBUG [org.apache.jasper.servlet.JspServlet@http-nio-8080-exec-9] ServletPath: /WEB-INF/views/master/page.jsp 
2022-02-13 17:31:50.429 DEBUG [org.apache.jasper.servlet.JspServlet@http-nio-8080-exec-9] PathInfo: null 
2022-02-13 17:31:50.430 DEBUG [org.apache.jasper.servlet.JspServlet@http-nio-8080-exec-9] RealPath: C:\Users\luise\Desktop\Workspace-22.0\Starters\Hello-World-22.0\target\classes\WEB-INF\views\master\page.jsp 
2022-02-13 17:31:50.431 DEBUG [org.apache.jasper.servlet.JspServlet@http-nio-8080-exec-9] RequestURI: /hello-world-22.0/WEB-INF/views/master/page.jsp 
2022-02-13 17:31:50.431 DEBUG [org.apache.jasper.servlet.JspServlet@http-nio-8080-exec-9] QueryString: null 
2022-02-13 17:31:50.499 DEBUG [org.apache.jasper.servlet.JspServlet@http-nio-8080-exec-9] JspEngine --> /WEB-INF/views/master/sign-in.jsp 
2022-02-13 17:31:50.499 DEBUG [org.apache.jasper.servlet.JspServlet@http-nio-8080-exec-9] ServletPath: /WEB-INF/views/master/page.jsp 
2022-02-13 17:31:50.500 DEBUG [org.apache.jasper.servlet.JspServlet@http-nio-8080-exec-9] PathInfo: null 
2022-02-13 17:31:50.500 DEBUG [org.apache.jasper.servlet.JspServlet@http-nio-8080-exec-9] RealPath: C:\Users\luise\Desktop\Workspace-22.0\Starters\Hello-World-22.0\target\classes\WEB-INF\views\master\sign-in.jsp 
2022-02-13 17:31:50.500 DEBUG [org.apache.jasper.servlet.JspServlet@http-nio-8080-exec-9] RequestURI: /hello-world-22.0/WEB-INF/views/master/page.jsp 
2022-02-13 17:31:50.501 DEBUG [org.apache.jasper.servlet.JspServlet@http-nio-8080-exec-9] QueryString: null 
2022-02-13 17:31:51.670 DEBUG [org.hibernate.SQL@http-nio-8080-exec-9] select useraccoun0_.id as id1_0_, useraccoun0_.version as version2_0_, useraccoun0_.enabled as enabled1_6_, useraccoun0_.identity_email as identity2_6_, useraccoun0_.identity_name as identity3_6_, useraccoun0_.identity_surname as identity4_6_, useraccoun0_.password as password5_6_, useraccoun0_.username as username6_6_ from user_account useraccoun0_ where useraccoun0_.username=? 
2022-02-13 17:31:51.671 TRACE [org.hibernate.type.descriptor.sql.BasicBinder@http-nio-8080-exec-9] binding parameter [1] as [VARCHAR] - [anonymous] 
2022-02-13 17:31:51.671 DEBUG [org.hibernate.SQL@http-nio-8080-exec-9] select roles0_.user_account_id as user_acc1_7_0_, roles0_.id as id1_7_0_, roles0_.id as id1_0_1_, roles0_.version as version2_0_1_, roles0_.user_account_id as user_acc1_7_1_, roles0_.company as company1_4_1_, roles0_.sector as sector2_4_1_, roles0_.company as company1_5_1_, roles0_.sector as sector2_5_1_, roles0_.clazz_ as clazz_1_ from ( select id, version, user_account_id, company, sector, 2 as clazz_ from consumer union all select id, version, user_account_id, company, sector, 3 as clazz_ from provider union all select id, version, user_account_id, null as company, null as sector, 5 as clazz_ from administrator union all select id, version, user_account_id, null as company, null as sector, 6 as clazz_ from anonymous union all select id, version, user_account_id, null as company, null as sector, 7 as clazz_ from authenticated ) roles0_ where roles0_.user_account_id=? 
2022-02-13 17:31:51.671 TRACE [org.hibernate.type.descriptor.sql.BasicBinder@http-nio-8080-exec-9] binding parameter [1] as [INTEGER] - [1] 
2022-02-13 17:32:06.380 DEBUG [org.hibernate.SQL@http-nio-8080-exec-10] select useraccoun0_.id as id1_0_, useraccoun0_.version as version2_0_, useraccoun0_.enabled as enabled1_6_, useraccoun0_.identity_email as identity2_6_, useraccoun0_.identity_name as identity3_6_, useraccoun0_.identity_surname as identity4_6_, useraccoun0_.password as password5_6_, useraccoun0_.username as username6_6_ from user_account useraccoun0_ where useraccoun0_.username=? 
2022-02-13 17:32:06.380 TRACE [org.hibernate.type.descriptor.sql.BasicBinder@http-nio-8080-exec-10] binding parameter [1] as [VARCHAR] - [administrator] 
2022-02-13 17:32:06.381 DEBUG [org.hibernate.SQL@http-nio-8080-exec-10] select roles0_.user_account_id as user_acc1_7_0_, roles0_.id as id1_7_0_, roles0_.id as id1_0_1_, roles0_.version as version2_0_1_, roles0_.user_account_id as user_acc1_7_1_, roles0_.company as company1_4_1_, roles0_.sector as sector2_4_1_, roles0_.company as company1_5_1_, roles0_.sector as sector2_5_1_, roles0_.clazz_ as clazz_1_ from ( select id, version, user_account_id, company, sector, 2 as clazz_ from consumer union all select id, version, user_account_id, company, sector, 3 as clazz_ from provider union all select id, version, user_account_id, null as company, null as sector, 5 as clazz_ from administrator union all select id, version, user_account_id, null as company, null as sector, 6 as clazz_ from anonymous union all select id, version, user_account_id, null as company, null as sector, 7 as clazz_ from authenticated ) roles0_ where roles0_.user_account_id=? 
2022-02-13 17:32:06.381 TRACE [org.hibernate.type.descriptor.sql.BasicBinder@http-nio-8080-exec-10] binding parameter [1] as [INTEGER] - [2] 
2022-02-13 17:32:06.399 DEBUG [acme.framework.components.tiles.DynamicTilesView@http-nio-8080-exec-4] View name 'fragments/welcome', model {} 
2022-02-13 17:32:06.400 DEBUG [org.apache.jasper.servlet.JspServlet@http-nio-8080-exec-4] JspEngine --> /WEB-INF/views/master/page.jsp 
2022-02-13 17:32:06.400 DEBUG [org.apache.jasper.servlet.JspServlet@http-nio-8080-exec-4] ServletPath: /WEB-INF/views/master/page.jsp 
2022-02-13 17:32:06.400 DEBUG [org.apache.jasper.servlet.JspServlet@http-nio-8080-exec-4] PathInfo: null 
2022-02-13 17:32:06.401 DEBUG [org.apache.jasper.servlet.JspServlet@http-nio-8080-exec-4] RealPath: C:\Users\luise\Desktop\Workspace-22.0\Starters\Hello-World-22.0\target\classes\WEB-INF\views\master\page.jsp 
2022-02-13 17:32:06.402 DEBUG [org.apache.jasper.servlet.JspServlet@http-nio-8080-exec-4] RequestURI: /hello-world-22.0/WEB-INF/views/master/page.jsp 
2022-02-13 17:32:06.402 DEBUG [org.apache.jasper.servlet.JspServlet@http-nio-8080-exec-4] QueryString: null 
2022-02-13 17:32:06.512 DEBUG [org.apache.jasper.servlet.JspServlet@http-nio-8080-exec-4] JspEngine --> /WEB-INF/views/fragments/welcome.jsp 
2022-02-13 17:32:06.513 DEBUG [org.apache.jasper.servlet.JspServlet@http-nio-8080-exec-4] ServletPath: /WEB-INF/views/master/page.jsp 
2022-02-13 17:32:06.514 DEBUG [org.apache.jasper.servlet.JspServlet@http-nio-8080-exec-4] PathInfo: null 
2022-02-13 17:32:06.515 DEBUG [org.apache.jasper.servlet.JspServlet@http-nio-8080-exec-4] RealPath: C:\Users\luise\Desktop\Workspace-22.0\Starters\Hello-World-22.0\target\classes\WEB-INF\views\fragments\welcome.jsp 
2022-02-13 17:32:06.515 DEBUG [org.apache.jasper.servlet.JspServlet@http-nio-8080-exec-4] RequestURI: /hello-world-22.0/WEB-INF/views/master/page.jsp 
2022-02-13 17:32:06.516 DEBUG [org.apache.jasper.servlet.JspServlet@http-nio-8080-exec-4] QueryString: null 
2022-02-13 17:32:32.135 DEBUG [acme.framework.controllers.AbstractController@http-nio-8080-exec-2] DISPATCHING GET /hello-world-22.0/administrator/user-account/list 
2022-02-13 17:32:32.136 DEBUG [acme.framework.controllers.AbstractController@http-nio-8080-exec-2] Command: list 
2022-02-13 17:32:32.136 DEBUG [acme.framework.controllers.AbstractController@http-nio-8080-exec-2] Model:   {} 
2022-02-13 17:32:32.136 DEBUG [acme.framework.controllers.AbstractController@http-nio-8080-exec-2] Locale:  en 
2022-02-13 17:32:32.150 DEBUG [org.hibernate.SQL@http-nio-8080-exec-2] select useraccoun0_.id as id1_0_, useraccoun0_.version as version2_0_, useraccoun0_.enabled as enabled1_6_, useraccoun0_.identity_email as identity2_6_, useraccoun0_.identity_name as identity3_6_, useraccoun0_.identity_surname as identity4_6_, useraccoun0_.password as password5_6_, useraccoun0_.username as username6_6_ from user_account useraccoun0_ 
2022-02-13 17:32:32.155 DEBUG [org.hibernate.SQL@http-nio-8080-exec-2] select roles0_.user_account_id as user_acc1_7_0_, roles0_.id as id1_7_0_, roles0_.id as id1_0_1_, roles0_.version as version2_0_1_, roles0_.user_account_id as user_acc1_7_1_, roles0_.company as company1_4_1_, roles0_.sector as sector2_4_1_, roles0_.company as company1_5_1_, roles0_.sector as sector2_5_1_, roles0_.clazz_ as clazz_1_ from ( select id, version, user_account_id, company, sector, 2 as clazz_ from consumer union all select id, version, user_account_id, company, sector, 3 as clazz_ from provider union all select id, version, user_account_id, null as company, null as sector, 5 as clazz_ from administrator union all select id, version, user_account_id, null as company, null as sector, 6 as clazz_ from anonymous union all select id, version, user_account_id, null as company, null as sector, 7 as clazz_ from authenticated ) roles0_ where roles0_.user_account_id=? 
2022-02-13 17:32:32.156 TRACE [org.hibernate.type.descriptor.sql.BasicBinder@http-nio-8080-exec-2] binding parameter [1] as [INTEGER] - [1] 
2022-02-13 17:32:32.158 DEBUG [org.hibernate.SQL@http-nio-8080-exec-2] select roles0_.user_account_id as user_acc1_7_0_, roles0_.id as id1_7_0_, roles0_.id as id1_0_1_, roles0_.version as version2_0_1_, roles0_.user_account_id as user_acc1_7_1_, roles0_.company as company1_4_1_, roles0_.sector as sector2_4_1_, roles0_.company as company1_5_1_, roles0_.sector as sector2_5_1_, roles0_.clazz_ as clazz_1_ from ( select id, version, user_account_id, company, sector, 2 as clazz_ from consumer union all select id, version, user_account_id, company, sector, 3 as clazz_ from provider union all select id, version, user_account_id, null as company, null as sector, 5 as clazz_ from administrator union all select id, version, user_account_id, null as company, null as sector, 6 as clazz_ from anonymous union all select id, version, user_account_id, null as company, null as sector, 7 as clazz_ from authenticated ) roles0_ where roles0_.user_account_id=? 
2022-02-13 17:32:32.159 TRACE [org.hibernate.type.descriptor.sql.BasicBinder@http-nio-8080-exec-2] binding parameter [1] as [INTEGER] - [2] 
2022-02-13 17:32:32.186 DEBUG [acme.framework.controllers.AbstractController@http-nio-8080-exec-2] SERVING GET /hello-world-22.0/administrator/user-account/list 
2022-02-13 17:32:32.186 DEBUG [acme.framework.controllers.AbstractController@http-nio-8080-exec-2] Result: ModelAndView [view="administrator/user-account/list"; model={roleList[0]=Anonymous , roleList[1]=Consumer Provider Administrator Authenticated , version[1]=0, status[0]=DISABLED, list$size=2, status[1]=ENABLED, identity.surname[0]=Doe, identity.surname[1]=Acme, identity.name[0]=John, identity.name[1]=Administrator, version[0]=0, identity.email[1]=administrator@acme.com, id[1]=2, id[0]=1, identity.email[0]=john.doe@acme.com, username[1]=administrator, username[0]=anonymous, command=list, principal=acme.framework.entities.Principal@e010e88}] 
2022-02-13 17:32:32.189 DEBUG [acme.framework.components.tiles.DynamicTilesView@http-nio-8080-exec-2] View name 'administrator/user-account/list', model {roleList[0]=Anonymous , roleList[1]=Consumer Provider Administrator Authenticated , version[1]=0, status[0]=DISABLED, list$size=2, status[1]=ENABLED, identity.surname[0]=Doe, identity.surname[1]=Acme, identity.name[0]=John, identity.name[1]=Administrator, version[0]=0, identity.email[1]=administrator@acme.com, id[1]=2, id[0]=1, identity.email[0]=john.doe@acme.com, username[1]=administrator, username[0]=anonymous, command=list, principal=acme.framework.entities.Principal@e010e88, org.springframework.validation.BindingResult.principal=org.springframework.validation.BeanPropertyBindingResult: 0 errors} 
2022-02-13 17:32:32.190 DEBUG [org.apache.jasper.servlet.JspServlet@http-nio-8080-exec-2] JspEngine --> /WEB-INF/views/master/page.jsp 
2022-02-13 17:32:32.190 DEBUG [org.apache.jasper.servlet.JspServlet@http-nio-8080-exec-2] ServletPath: /WEB-INF/views/master/page.jsp 
2022-02-13 17:32:32.191 DEBUG [org.apache.jasper.servlet.JspServlet@http-nio-8080-exec-2] PathInfo: null 
2022-02-13 17:32:32.191 DEBUG [org.apache.jasper.servlet.JspServlet@http-nio-8080-exec-2] RealPath: C:\Users\luise\Desktop\Workspace-22.0\Starters\Hello-World-22.0\target\classes\WEB-INF\views\master\page.jsp 
2022-02-13 17:32:32.191 DEBUG [org.apache.jasper.servlet.JspServlet@http-nio-8080-exec-2] RequestURI: /hello-world-22.0/WEB-INF/views/master/page.jsp 
2022-02-13 17:32:32.191 DEBUG [org.apache.jasper.servlet.JspServlet@http-nio-8080-exec-2] QueryString: null 
2022-02-13 17:32:32.294 DEBUG [org.apache.jasper.servlet.JspServlet@http-nio-8080-exec-2] JspEngine --> /WEB-INF/views/administrator/user-account/list.jsp 
2022-02-13 17:32:32.295 DEBUG [org.apache.jasper.servlet.JspServlet@http-nio-8080-exec-2] ServletPath: /WEB-INF/views/master/page.jsp 
2022-02-13 17:32:32.295 DEBUG [org.apache.jasper.servlet.JspServlet@http-nio-8080-exec-2] PathInfo: null 
2022-02-13 17:32:32.296 DEBUG [org.apache.jasper.servlet.JspServlet@http-nio-8080-exec-2] RealPath: C:\Users\luise\Desktop\Workspace-22.0\Starters\Hello-World-22.0\target\classes\WEB-INF\views\administrator\user-account\list.jsp 
2022-02-13 17:32:32.296 DEBUG [org.apache.jasper.servlet.JspServlet@http-nio-8080-exec-2] RequestURI: /hello-world-22.0/WEB-INF/views/master/page.jsp 
2022-02-13 17:32:32.296 DEBUG [org.apache.jasper.servlet.JspServlet@http-nio-8080-exec-2] QueryString: null 
2022-02-13 17:32:37.146 INFO  [acme.framework.components.database.DatabasePopulator@http-nio-8080-exec-5] Building database schema 
2022-02-13 17:32:37.166 DEBUG [acme.framework.components.database.DatabaseUtil@http-nio-8080-exec-5] Starting new transaction. 
2022-02-13 17:32:37.167 DEBUG [acme.framework.components.database.DatabaseUtil@http-nio-8080-exec-5] Executing command 'set transaction isolation level read uncommitted;'. 
2022-02-13 17:32:37.173 DEBUG [acme.framework.components.database.DatabaseUtil@http-nio-8080-exec-5] Starting transaction '541094800'. 
2022-02-13 17:32:37.173 DEBUG [acme.framework.components.database.DatabaseUtil@http-nio-8080-exec-5] Executing command 'set foreign_key_checks=0'. 
2022-02-13 17:32:37.173 DEBUG [acme.framework.components.database.DatabaseUtil@http-nio-8080-exec-5] Executing command 'drop table if exists administrator'. 
2022-02-13 17:32:37.187 DEBUG [acme.framework.components.database.DatabaseUtil@http-nio-8080-exec-5] Executing command 'drop table if exists anonymous'. 
2022-02-13 17:32:37.194 DEBUG [acme.framework.components.database.DatabaseUtil@http-nio-8080-exec-5] Executing command 'drop table if exists authenticated'. 
2022-02-13 17:32:37.201 DEBUG [acme.framework.components.database.DatabaseUtil@http-nio-8080-exec-5] Executing command 'drop table if exists consumer'. 
2022-02-13 17:32:37.210 DEBUG [acme.framework.components.database.DatabaseUtil@http-nio-8080-exec-5] Executing command 'drop table if exists hibernate_sequence'. 
2022-02-13 17:32:37.216 DEBUG [acme.framework.components.database.DatabaseUtil@http-nio-8080-exec-5] Executing command 'drop table if exists provider'. 
2022-02-13 17:32:37.223 DEBUG [acme.framework.components.database.DatabaseUtil@http-nio-8080-exec-5] Executing command 'drop table if exists user_account'. 
2022-02-13 17:32:37.229 DEBUG [acme.framework.components.database.DatabaseUtil@http-nio-8080-exec-5] Executing command 'set foreign_key_checks=1'. 
2022-02-13 17:32:37.230 DEBUG [acme.framework.components.database.DatabaseUtil@http-nio-8080-exec-5] Committing transaction '541094800'. 
2022-02-13 17:32:37.236 DEBUG [acme.framework.components.database.DatabaseUtil@http-nio-8080-exec-5] Starting new transaction. 
2022-02-13 17:32:37.237 DEBUG [acme.framework.components.database.DatabaseUtil@http-nio-8080-exec-5] Executing command 'set transaction isolation level read uncommitted;'. 
2022-02-13 17:32:37.237 DEBUG [acme.framework.components.database.DatabaseUtil@http-nio-8080-exec-5] Starting transaction '1522295091'. 
2022-02-13 17:32:37.237 DEBUG [acme.framework.components.database.DatabaseUtil@http-nio-8080-exec-5] Executing command 'set foreign_key_checks=0'. 
2022-02-13 17:32:37.238 DEBUG [acme.framework.components.database.DatabaseUtil@http-nio-8080-exec-5] Executing command 'create table administrator (id integer not null, version integer not null, user_account_id integer, primary key (id)) engine=InnoDB'. 
2022-02-13 17:32:37.246 DEBUG [acme.framework.components.database.DatabaseUtil@http-nio-8080-exec-5] Executing command 'create table anonymous (id integer not null, version integer not null, user_account_id integer, primary key (id)) engine=InnoDB'. 
2022-02-13 17:32:37.257 DEBUG [acme.framework.components.database.DatabaseUtil@http-nio-8080-exec-5] Executing command 'create table authenticated (id integer not null, version integer not null, user_account_id integer, primary key (id)) engine=InnoDB'. 
2022-02-13 17:32:37.266 DEBUG [acme.framework.components.database.DatabaseUtil@http-nio-8080-exec-5] Executing command 'create table consumer (id integer not null, version integer not null, user_account_id integer, company varchar(255), sector varchar(255), primary key (id)) engine=InnoDB'. 
2022-02-13 17:32:37.274 DEBUG [acme.framework.components.database.DatabaseUtil@http-nio-8080-exec-5] Executing command 'create table hibernate_sequence (next_val bigint) engine=InnoDB'. 
2022-02-13 17:32:37.283 DEBUG [acme.framework.components.database.DatabaseUtil@http-nio-8080-exec-5] Executing command 'insert into hibernate_sequence values ( 1 )'. 
2022-02-13 17:32:37.287 DEBUG [acme.framework.components.database.DatabaseUtil@http-nio-8080-exec-5] Executing command 'create table provider (id integer not null, version integer not null, user_account_id integer, company varchar(255), sector varchar(255), primary key (id)) engine=InnoDB'. 
2022-02-13 17:32:37.296 DEBUG [acme.framework.components.database.DatabaseUtil@http-nio-8080-exec-5] Executing command 'create table user_account (id integer not null, version integer not null, enabled bit not null, identity_email varchar(255), identity_name varchar(255), identity_surname varchar(255), password varchar(255), username varchar(255), primary key (id)) engine=InnoDB'. 
2022-02-13 17:32:37.306 DEBUG [acme.framework.components.database.DatabaseUtil@http-nio-8080-exec-5] Executing command 'alter table user_account add constraint UK_castjbvpeeus0r8lbpehiu0e4 unique (username)'. 
2022-02-13 17:32:37.318 DEBUG [acme.framework.components.database.DatabaseUtil@http-nio-8080-exec-5] Executing command 'alter table administrator add constraint FK_2a5vcjo3stlfcwadosjfq49l1 foreign key (user_account_id) references user_account (id)'. 
2022-02-13 17:32:37.329 DEBUG [acme.framework.components.database.DatabaseUtil@http-nio-8080-exec-5] Executing command 'alter table anonymous add constraint FK_6lnbc6fo3om54vugoh8icg78m foreign key (user_account_id) references user_account (id)'. 
2022-02-13 17:32:37.342 DEBUG [acme.framework.components.database.DatabaseUtil@http-nio-8080-exec-5] Executing command 'alter table authenticated add constraint FK_h52w0f3wjoi68b63wv9vwon57 foreign key (user_account_id) references user_account (id)'. 
2022-02-13 17:32:37.355 DEBUG [acme.framework.components.database.DatabaseUtil@http-nio-8080-exec-5] Executing command 'alter table consumer add constraint FK_6cyha9f1wpj0dpbxrrjddrqed foreign key (user_account_id) references user_account (id)'. 
2022-02-13 17:32:37.367 DEBUG [acme.framework.components.database.DatabaseUtil@http-nio-8080-exec-5] Executing command 'alter table provider add constraint FK_b1gwnjqm6ggy9yuiqm0o4rlmd foreign key (user_account_id) references user_account (id)'. 
2022-02-13 17:32:37.380 DEBUG [acme.framework.components.database.DatabaseUtil@http-nio-8080-exec-5] Executing command 'set foreign_key_checks=1'. 
2022-02-13 17:32:37.380 DEBUG [acme.framework.components.database.DatabaseUtil@http-nio-8080-exec-5] Committing transaction '1522295091'. 
2022-02-13 17:32:37.382 INFO  [acme.framework.components.database.DatabasePopulator@http-nio-8080-exec-5] Reading entities from 'classpath:/WEB-INF/resources/initial-data' 
2022-02-13 17:32:37.389 DEBUG [acme.framework.components.database.Dataset@http-nio-8080-exec-5] Reading dataset from 'C:\Users\luise\Desktop\Workspace-22.0\Starters\Hello-World-22.0\target\classes\WEB-INF\resources\initial-data\administrator.csv' 
2022-02-13 17:32:37.442 DEBUG [acme.framework.components.database.Dataset@http-nio-8080-exec-5] Reading mapping '{key:user-account=user-account-administrator-01, key=administrator-01}' from 'C:\Users\luise\Desktop\Workspace-22.0\Starters\Hello-World-22.0\target\classes\WEB-INF\resources\initial-data\administrator.csv' 
2022-02-13 17:32:37.443 DEBUG [acme.framework.components.database.Dataset@http-nio-8080-exec-5] Reading dataset from 'C:\Users\luise\Desktop\Workspace-22.0\Starters\Hello-World-22.0\target\classes\WEB-INF\resources\initial-data\anonymous.csv' 
2022-02-13 17:32:37.444 DEBUG [acme.framework.components.database.Dataset@http-nio-8080-exec-5] Reading mapping '{key:user-account=user-account-anonymous-01, key=anonymous-01}' from 'C:\Users\luise\Desktop\Workspace-22.0\Starters\Hello-World-22.0\target\classes\WEB-INF\resources\initial-data\anonymous.csv' 
2022-02-13 17:32:37.444 DEBUG [acme.framework.components.database.Dataset@http-nio-8080-exec-5] Reading dataset from 'C:\Users\luise\Desktop\Workspace-22.0\Starters\Hello-World-22.0\target\classes\WEB-INF\resources\initial-data\authenticated.csv' 
2022-02-13 17:32:37.444 DEBUG [acme.framework.components.database.Dataset@http-nio-8080-exec-5] Reading mapping '{key:user-account=user-account-administrator-01, key=authenticated-administrator-01}' from 'C:\Users\luise\Desktop\Workspace-22.0\Starters\Hello-World-22.0\target\classes\WEB-INF\resources\initial-data\authenticated.csv' 
2022-02-13 17:32:37.445 DEBUG [acme.framework.components.database.Dataset@http-nio-8080-exec-5] Reading dataset from 'C:\Users\luise\Desktop\Workspace-22.0\Starters\Hello-World-22.0\target\classes\WEB-INF\resources\initial-data\user-account.csv' 
2022-02-13 17:32:37.445 DEBUG [acme.framework.components.database.Dataset@http-nio-8080-exec-5] Reading mapping '{password=HIDDEN-PASSWORD, identity=UserIdentity{name: 'John', surname: 'Doe', email: 'john.doe@acme.com'}, key=user-account-anonymous-01, enabled=false, username=anonymous}' from 'C:\Users\luise\Desktop\Workspace-22.0\Starters\Hello-World-22.0\target\classes\WEB-INF\resources\initial-data\user-account.csv' 
2022-02-13 17:32:37.445 DEBUG [acme.framework.components.database.Dataset@http-nio-8080-exec-5] Reading mapping '{password=administrator, identity=UserIdentity{name: 'Administrator', surname: 'Acme', email: 'administrator@acme.com'}, key=user-account-administrator-01, enabled=true, username=administrator}' from 'C:\Users\luise\Desktop\Workspace-22.0\Starters\Hello-World-22.0\target\classes\WEB-INF\resources\initial-data\user-account.csv' 
2022-02-13 17:32:37.446 DEBUG [acme.framework.components.database.EntityWeb@http-nio-8080-exec-5] Setting attributes of entities of class acme.framework.roles.Administrator 
2022-02-13 17:32:37.446 DEBUG [acme.framework.components.database.EntityWeb@http-nio-8080-exec-5] Setting attributes of entities of class acme.framework.entities.UserAccount 
2022-02-13 17:32:37.577 DEBUG [acme.framework.components.database.EntityWeb@http-nio-8080-exec-5] Setting attributes of entities of class acme.framework.roles.Anonymous 
2022-02-13 17:32:37.577 DEBUG [acme.framework.components.database.EntityWeb@http-nio-8080-exec-5] Setting attributes of entities of class acme.framework.roles.Authenticated 
2022-02-13 17:32:37.577 DEBUG [acme.framework.components.database.EntityWeb@http-nio-8080-exec-5] Linking entities of class acme.framework.roles.Administrator 
2022-02-13 17:32:37.584 DEBUG [acme.framework.components.database.EntityWeb@http-nio-8080-exec-5] Linking entities of class acme.framework.entities.UserAccount 
2022-02-13 17:32:37.584 DEBUG [acme.framework.components.database.EntityWeb@http-nio-8080-exec-5] Linking entities of class acme.framework.roles.Anonymous 
2022-02-13 17:32:37.589 DEBUG [acme.framework.components.database.EntityWeb@http-nio-8080-exec-5] Linking entities of class acme.framework.roles.Authenticated 
2022-02-13 17:32:37.593 INFO  [acme.framework.components.database.DatabasePopulator@http-nio-8080-exec-5] Validating your entities 
2022-02-13 17:32:37.659 DEBUG [acme.framework.components.database.DatabasePopulator@http-nio-8080-exec-5] Validating 'acme.framework.entities.UserAccount@user-account-anonymous-01' ... PASS 
2022-02-13 17:32:37.660 DEBUG [acme.framework.components.database.DatabasePopulator@http-nio-8080-exec-5] Validating 'acme.framework.entities.UserAccount@user-account-administrator-01' ... PASS 
2022-02-13 17:32:37.666 DEBUG [acme.framework.components.database.DatabasePopulator@http-nio-8080-exec-5] Validating 'acme.framework.roles.Anonymous@anonymous-01' ... PASS 
2022-02-13 17:32:37.670 DEBUG [acme.framework.components.database.DatabasePopulator@http-nio-8080-exec-5] Validating 'acme.framework.roles.Authenticated@authenticated-administrator-01' ... PASS 
2022-02-13 17:32:37.675 DEBUG [acme.framework.components.database.DatabasePopulator@http-nio-8080-exec-5] Validating 'acme.framework.roles.Administrator@administrator-01' ... PASS 
2022-02-13 17:32:37.675 INFO  [acme.framework.components.database.DatabasePopulator@http-nio-8080-exec-5] Sorting your entity classes 
2022-02-13 17:32:37.675 DEBUG [acme.framework.components.database.DatabasePopulator@http-nio-8080-exec-5] Best topological order for your entity clazzes: 
2022-02-13 17:32:37.675 DEBUG [acme.framework.components.database.DatabasePopulator@http-nio-8080-exec-5] - acme.framework.entities.UserAccount 
2022-02-13 17:32:37.675 DEBUG [acme.framework.components.database.DatabasePopulator@http-nio-8080-exec-5] - acme.framework.roles.Administrator 
2022-02-13 17:32:37.675 DEBUG [acme.framework.components.database.DatabasePopulator@http-nio-8080-exec-5] - acme.framework.roles.Anonymous 
2022-02-13 17:32:37.675 DEBUG [acme.framework.components.database.DatabasePopulator@http-nio-8080-exec-5] - acme.framework.roles.Authenticated 
2022-02-13 17:32:37.675 INFO  [acme.framework.components.database.DatabasePopulator@http-nio-8080-exec-5] Persisting your entities 
2022-02-13 17:32:37.675 DEBUG [acme.framework.components.database.DatabaseUtil@http-nio-8080-exec-5] Starting new transaction. 
2022-02-13 17:32:37.676 DEBUG [acme.framework.components.database.DatabaseUtil@http-nio-8080-exec-5] Executing command 'set transaction isolation level read uncommitted;'. 
2022-02-13 17:32:37.676 DEBUG [acme.framework.components.database.DatabaseUtil@http-nio-8080-exec-5] Starting transaction '1028867885'. 
2022-02-13 17:32:37.677 DEBUG [acme.framework.components.database.DatabasePopulator@http-nio-8080-exec-5] Persising entities of clazz 'acme.framework.entities.UserAccount' 
2022-02-13 17:32:37.691 DEBUG [org.hibernate.SQL@http-nio-8080-exec-5] select next_val as id_val from hibernate_sequence for update 
2022-02-13 17:32:37.692 DEBUG [org.hibernate.SQL@http-nio-8080-exec-5] update hibernate_sequence set next_val= ? where next_val=? 
2022-02-13 17:32:37.711 DEBUG [acme.framework.components.database.DatabaseUtil@http-nio-8080-exec-5] Persisting entity UserAccount(username=anonymous) 
2022-02-13 17:32:37.711 DEBUG [org.hibernate.SQL@http-nio-8080-exec-5] select next_val as id_val from hibernate_sequence for update 
2022-02-13 17:32:37.713 DEBUG [org.hibernate.SQL@http-nio-8080-exec-5] update hibernate_sequence set next_val= ? where next_val=? 
2022-02-13 17:32:37.715 DEBUG [acme.framework.components.database.DatabaseUtil@http-nio-8080-exec-5] Persisting entity UserAccount(username=administrator) 
2022-02-13 17:32:37.715 DEBUG [acme.framework.components.database.DatabasePopulator@http-nio-8080-exec-5] Persising entities of clazz 'acme.framework.roles.Administrator' 
2022-02-13 17:32:37.716 DEBUG [org.hibernate.SQL@http-nio-8080-exec-5] select next_val as id_val from hibernate_sequence for update 
2022-02-13 17:32:37.720 DEBUG [org.hibernate.SQL@http-nio-8080-exec-5] update hibernate_sequence set next_val= ? where next_val=? 
2022-02-13 17:32:37.724 DEBUG [acme.framework.components.database.DatabaseUtil@http-nio-8080-exec-5] Persisting entity UserRole(userAccount=UserAccount(username=administrator)) 
2022-02-13 17:32:37.724 DEBUG [acme.framework.components.database.DatabasePopulator@http-nio-8080-exec-5] Persising entities of clazz 'acme.framework.roles.Anonymous' 
2022-02-13 17:32:37.724 DEBUG [org.hibernate.SQL@http-nio-8080-exec-5] select next_val as id_val from hibernate_sequence for update 
2022-02-13 17:32:37.725 DEBUG [org.hibernate.SQL@http-nio-8080-exec-5] update hibernate_sequence set next_val= ? where next_val=? 
2022-02-13 17:32:37.727 DEBUG [acme.framework.components.database.DatabaseUtil@http-nio-8080-exec-5] Persisting entity UserRole(userAccount=UserAccount(username=anonymous)) 
2022-02-13 17:32:37.728 DEBUG [acme.framework.components.database.DatabasePopulator@http-nio-8080-exec-5] Persising entities of clazz 'acme.framework.roles.Authenticated' 
2022-02-13 17:32:37.728 DEBUG [org.hibernate.SQL@http-nio-8080-exec-5] select next_val as id_val from hibernate_sequence for update 
2022-02-13 17:32:37.729 DEBUG [org.hibernate.SQL@http-nio-8080-exec-5] update hibernate_sequence set next_val= ? where next_val=? 
2022-02-13 17:32:37.730 DEBUG [acme.framework.components.database.DatabaseUtil@http-nio-8080-exec-5] Persisting entity UserRole(userAccount=UserAccount(username=administrator)) 
2022-02-13 17:32:37.731 DEBUG [acme.framework.components.database.DatabaseUtil@http-nio-8080-exec-5] Committing transaction '1028867885'. 
2022-02-13 17:32:37.751 DEBUG [org.hibernate.SQL@http-nio-8080-exec-5] insert into user_account (version, enabled, identity_email, identity_name, identity_surname, password, username, id) values (?, ?, ?, ?, ?, ?, ?, ?) 
2022-02-13 17:32:37.752 TRACE [org.hibernate.type.descriptor.sql.BasicBinder@http-nio-8080-exec-5] binding parameter [1] as [INTEGER] - [0] 
2022-02-13 17:32:37.753 TRACE [org.hibernate.type.descriptor.sql.BasicBinder@http-nio-8080-exec-5] binding parameter [2] as [BOOLEAN] - [false] 
2022-02-13 17:32:37.754 TRACE [org.hibernate.type.descriptor.sql.BasicBinder@http-nio-8080-exec-5] binding parameter [3] as [VARCHAR] - [john.doe@acme.com] 
2022-02-13 17:32:37.754 TRACE [org.hibernate.type.descriptor.sql.BasicBinder@http-nio-8080-exec-5] binding parameter [4] as [VARCHAR] - [John] 
2022-02-13 17:32:37.754 TRACE [org.hibernate.type.descriptor.sql.BasicBinder@http-nio-8080-exec-5] binding parameter [5] as [VARCHAR] - [Doe] 
2022-02-13 17:32:37.754 TRACE [org.hibernate.type.descriptor.sql.BasicBinder@http-nio-8080-exec-5] binding parameter [6] as [VARCHAR] - [$2a$05$wSvJtNjjcYv0XJXaYFneXulzMPvGV7vgWUTiB4SvIZTSvptHZ/.ky] 
2022-02-13 17:32:37.754 TRACE [org.hibernate.type.descriptor.sql.BasicBinder@http-nio-8080-exec-5] binding parameter [7] as [VARCHAR] - [anonymous] 
2022-02-13 17:32:37.754 TRACE [org.hibernate.type.descriptor.sql.BasicBinder@http-nio-8080-exec-5] binding parameter [8] as [INTEGER] - [1] 
2022-02-13 17:32:37.759 DEBUG [org.hibernate.SQL@http-nio-8080-exec-5] insert into user_account (version, enabled, identity_email, identity_name, identity_surname, password, username, id) values (?, ?, ?, ?, ?, ?, ?, ?) 
2022-02-13 17:32:37.759 TRACE [org.hibernate.type.descriptor.sql.BasicBinder@http-nio-8080-exec-5] binding parameter [1] as [INTEGER] - [0] 
2022-02-13 17:32:37.759 TRACE [org.hibernate.type.descriptor.sql.BasicBinder@http-nio-8080-exec-5] binding parameter [2] as [BOOLEAN] - [true] 
2022-02-13 17:32:37.759 TRACE [org.hibernate.type.descriptor.sql.BasicBinder@http-nio-8080-exec-5] binding parameter [3] as [VARCHAR] - [administrator@acme.com] 
2022-02-13 17:32:37.759 TRACE [org.hibernate.type.descriptor.sql.BasicBinder@http-nio-8080-exec-5] binding parameter [4] as [VARCHAR] - [Administrator] 
2022-02-13 17:32:37.759 TRACE [org.hibernate.type.descriptor.sql.BasicBinder@http-nio-8080-exec-5] binding parameter [5] as [VARCHAR] - [Acme] 
2022-02-13 17:32:37.759 TRACE [org.hibernate.type.descriptor.sql.BasicBinder@http-nio-8080-exec-5] binding parameter [6] as [VARCHAR] - [$2a$05$NZbNPOfJHGBRQWdWUL9.gemhJqL88WMwLt.G/FOT1P0ATSq730EvW] 
2022-02-13 17:32:37.760 TRACE [org.hibernate.type.descriptor.sql.BasicBinder@http-nio-8080-exec-5] binding parameter [7] as [VARCHAR] - [administrator] 
2022-02-13 17:32:37.760 TRACE [org.hibernate.type.descriptor.sql.BasicBinder@http-nio-8080-exec-5] binding parameter [8] as [INTEGER] - [2] 
2022-02-13 17:32:37.760 DEBUG [org.hibernate.SQL@http-nio-8080-exec-5] insert into administrator (version, user_account_id, id) values (?, ?, ?) 
2022-02-13 17:32:37.761 TRACE [org.hibernate.type.descriptor.sql.BasicBinder@http-nio-8080-exec-5] binding parameter [1] as [INTEGER] - [0] 
2022-02-13 17:32:37.761 TRACE [org.hibernate.type.descriptor.sql.BasicBinder@http-nio-8080-exec-5] binding parameter [2] as [INTEGER] - [2] 
2022-02-13 17:32:37.761 TRACE [org.hibernate.type.descriptor.sql.BasicBinder@http-nio-8080-exec-5] binding parameter [3] as [INTEGER] - [3] 
2022-02-13 17:32:37.764 DEBUG [org.hibernate.SQL@http-nio-8080-exec-5] insert into anonymous (version, user_account_id, id) values (?, ?, ?) 
2022-02-13 17:32:37.764 TRACE [org.hibernate.type.descriptor.sql.BasicBinder@http-nio-8080-exec-5] binding parameter [1] as [INTEGER] - [0] 
2022-02-13 17:32:37.765 TRACE [org.hibernate.type.descriptor.sql.BasicBinder@http-nio-8080-exec-5] binding parameter [2] as [INTEGER] - [1] 
2022-02-13 17:32:37.765 TRACE [org.hibernate.type.descriptor.sql.BasicBinder@http-nio-8080-exec-5] binding parameter [3] as [INTEGER] - [4] 
2022-02-13 17:32:37.767 DEBUG [org.hibernate.SQL@http-nio-8080-exec-5] insert into authenticated (version, user_account_id, id) values (?, ?, ?) 
2022-02-13 17:32:37.767 TRACE [org.hibernate.type.descriptor.sql.BasicBinder@http-nio-8080-exec-5] binding parameter [1] as [INTEGER] - [0] 
2022-02-13 17:32:37.768 TRACE [org.hibernate.type.descriptor.sql.BasicBinder@http-nio-8080-exec-5] binding parameter [2] as [INTEGER] - [2] 
2022-02-13 17:32:37.768 TRACE [org.hibernate.type.descriptor.sql.BasicBinder@http-nio-8080-exec-5] binding parameter [3] as [INTEGER] - [5] 
2022-02-13 17:32:37.773 DEBUG [org.hibernate.SQL@http-nio-8080-exec-5] select useraccoun0_.id as id1_0_, useraccoun0_.version as version2_0_, useraccoun0_.enabled as enabled1_6_, useraccoun0_.identity_email as identity2_6_, useraccoun0_.identity_name as identity3_6_, useraccoun0_.identity_surname as identity4_6_, useraccoun0_.password as password5_6_, useraccoun0_.username as username6_6_ from user_account useraccoun0_ where useraccoun0_.username=? 
2022-02-13 17:32:37.773 TRACE [org.hibernate.type.descriptor.sql.BasicBinder@http-nio-8080-exec-5] binding parameter [1] as [VARCHAR] - [administrator] 
2022-02-13 17:32:37.774 DEBUG [org.hibernate.SQL@http-nio-8080-exec-5] select roles0_.user_account_id as user_acc1_7_0_, roles0_.id as id1_7_0_, roles0_.id as id1_0_1_, roles0_.version as version2_0_1_, roles0_.user_account_id as user_acc1_7_1_, roles0_.company as company1_4_1_, roles0_.sector as sector2_4_1_, roles0_.company as company1_5_1_, roles0_.sector as sector2_5_1_, roles0_.clazz_ as clazz_1_ from ( select id, version, user_account_id, company, sector, 2 as clazz_ from consumer union all select id, version, user_account_id, company, sector, 3 as clazz_ from provider union all select id, version, user_account_id, null as company, null as sector, 5 as clazz_ from administrator union all select id, version, user_account_id, null as company, null as sector, 6 as clazz_ from anonymous union all select id, version, user_account_id, null as company, null as sector, 7 as clazz_ from authenticated ) roles0_ where roles0_.user_account_id=? 
2022-02-13 17:32:37.775 TRACE [org.hibernate.type.descriptor.sql.BasicBinder@http-nio-8080-exec-5] binding parameter [1] as [INTEGER] - [2] 
2022-02-13 17:32:37.780 DEBUG [acme.framework.components.tiles.DynamicTilesView@http-nio-8080-exec-5] View name 'fragments/welcome', model {globalSuccessMessage=default.global.message.success} 
2022-02-13 17:32:37.781 DEBUG [org.apache.jasper.servlet.JspServlet@http-nio-8080-exec-5] JspEngine --> /WEB-INF/views/master/page.jsp 
2022-02-13 17:32:37.781 DEBUG [org.apache.jasper.servlet.JspServlet@http-nio-8080-exec-5] ServletPath: /WEB-INF/views/master/page.jsp 
2022-02-13 17:32:37.781 DEBUG [org.apache.jasper.servlet.JspServlet@http-nio-8080-exec-5] PathInfo: null 
2022-02-13 17:32:37.782 DEBUG [org.apache.jasper.servlet.JspServlet@http-nio-8080-exec-5] RealPath: C:\Users\luise\Desktop\Workspace-22.0\Starters\Hello-World-22.0\target\classes\WEB-INF\views\master\page.jsp 
2022-02-13 17:32:37.783 DEBUG [org.apache.jasper.servlet.JspServlet@http-nio-8080-exec-5] RequestURI: /hello-world-22.0/WEB-INF/views/master/page.jsp 
2022-02-13 17:32:37.783 DEBUG [org.apache.jasper.servlet.JspServlet@http-nio-8080-exec-5] QueryString: null 
2022-02-13 17:32:37.871 DEBUG [org.apache.jasper.servlet.JspServlet@http-nio-8080-exec-5] JspEngine --> /WEB-INF/views/fragments/welcome.jsp 
2022-02-13 17:32:37.872 DEBUG [org.apache.jasper.servlet.JspServlet@http-nio-8080-exec-5] ServletPath: /WEB-INF/views/master/page.jsp 
2022-02-13 17:32:37.872 DEBUG [org.apache.jasper.servlet.JspServlet@http-nio-8080-exec-5] PathInfo: null 
2022-02-13 17:32:37.873 DEBUG [org.apache.jasper.servlet.JspServlet@http-nio-8080-exec-5] RealPath: C:\Users\luise\Desktop\Workspace-22.0\Starters\Hello-World-22.0\target\classes\WEB-INF\views\fragments\welcome.jsp 
2022-02-13 17:32:37.873 DEBUG [org.apache.jasper.servlet.JspServlet@http-nio-8080-exec-5] RequestURI: /hello-world-22.0/WEB-INF/views/master/page.jsp 
2022-02-13 17:32:37.873 DEBUG [org.apache.jasper.servlet.JspServlet@http-nio-8080-exec-5] QueryString: null 
2022-02-13 17:32:39.179 DEBUG [acme.framework.controllers.AbstractController@http-nio-8080-exec-4] DISPATCHING GET /hello-world-22.0/administrator/user-account/list 
2022-02-13 17:32:39.179 DEBUG [acme.framework.controllers.AbstractController@http-nio-8080-exec-4] Command: list 
2022-02-13 17:32:39.179 DEBUG [acme.framework.controllers.AbstractController@http-nio-8080-exec-4] Model:   {} 
2022-02-13 17:32:39.180 DEBUG [acme.framework.controllers.AbstractController@http-nio-8080-exec-4] Locale:  en 
2022-02-13 17:32:39.181 DEBUG [org.hibernate.SQL@http-nio-8080-exec-4] select useraccoun0_.id as id1_0_, useraccoun0_.version as version2_0_, useraccoun0_.enabled as enabled1_6_, useraccoun0_.identity_email as identity2_6_, useraccoun0_.identity_name as identity3_6_, useraccoun0_.identity_surname as identity4_6_, useraccoun0_.password as password5_6_, useraccoun0_.username as username6_6_ from user_account useraccoun0_ 
2022-02-13 17:32:39.182 DEBUG [org.hibernate.SQL@http-nio-8080-exec-4] select roles0_.user_account_id as user_acc1_7_0_, roles0_.id as id1_7_0_, roles0_.id as id1_0_1_, roles0_.version as version2_0_1_, roles0_.user_account_id as user_acc1_7_1_, roles0_.company as company1_4_1_, roles0_.sector as sector2_4_1_, roles0_.company as company1_5_1_, roles0_.sector as sector2_5_1_, roles0_.clazz_ as clazz_1_ from ( select id, version, user_account_id, company, sector, 2 as clazz_ from consumer union all select id, version, user_account_id, company, sector, 3 as clazz_ from provider union all select id, version, user_account_id, null as company, null as sector, 5 as clazz_ from administrator union all select id, version, user_account_id, null as company, null as sector, 6 as clazz_ from anonymous union all select id, version, user_account_id, null as company, null as sector, 7 as clazz_ from authenticated ) roles0_ where roles0_.user_account_id=? 
2022-02-13 17:32:39.183 TRACE [org.hibernate.type.descriptor.sql.BasicBinder@http-nio-8080-exec-4] binding parameter [1] as [INTEGER] - [1] 
2022-02-13 17:32:39.184 DEBUG [org.hibernate.SQL@http-nio-8080-exec-4] select roles0_.user_account_id as user_acc1_7_0_, roles0_.id as id1_7_0_, roles0_.id as id1_0_1_, roles0_.version as version2_0_1_, roles0_.user_account_id as user_acc1_7_1_, roles0_.company as company1_4_1_, roles0_.sector as sector2_4_1_, roles0_.company as company1_5_1_, roles0_.sector as sector2_5_1_, roles0_.clazz_ as clazz_1_ from ( select id, version, user_account_id, company, sector, 2 as clazz_ from consumer union all select id, version, user_account_id, company, sector, 3 as clazz_ from provider union all select id, version, user_account_id, null as company, null as sector, 5 as clazz_ from administrator union all select id, version, user_account_id, null as company, null as sector, 6 as clazz_ from anonymous union all select id, version, user_account_id, null as company, null as sector, 7 as clazz_ from authenticated ) roles0_ where roles0_.user_account_id=? 
2022-02-13 17:32:39.185 TRACE [org.hibernate.type.descriptor.sql.BasicBinder@http-nio-8080-exec-4] binding parameter [1] as [INTEGER] - [2] 
2022-02-13 17:32:39.188 DEBUG [acme.framework.controllers.AbstractController@http-nio-8080-exec-4] SERVING GET /hello-world-22.0/administrator/user-account/list 
2022-02-13 17:32:39.188 DEBUG [acme.framework.controllers.AbstractController@http-nio-8080-exec-4] Result: ModelAndView [view="administrator/user-account/list"; model={roleList[0]=Anonymous , roleList[1]=Administrator Authenticated , version[1]=0, status[0]=DISABLED, list$size=2, status[1]=ENABLED, identity.surname[0]=Doe, identity.surname[1]=Acme, identity.name[0]=John, identity.name[1]=Administrator, version[0]=0, identity.email[1]=administrator@acme.com, id[1]=2, id[0]=1, identity.email[0]=john.doe@acme.com, username[1]=administrator, username[0]=anonymous, command=list, principal=acme.framework.entities.Principal@40dce48d}] 
2022-02-13 17:32:39.189 DEBUG [acme.framework.components.tiles.DynamicTilesView@http-nio-8080-exec-4] View name 'administrator/user-account/list', model {roleList[0]=Anonymous , roleList[1]=Administrator Authenticated , version[1]=0, status[0]=DISABLED, list$size=2, status[1]=ENABLED, identity.surname[0]=Doe, identity.surname[1]=Acme, identity.name[0]=John, identity.name[1]=Administrator, version[0]=0, identity.email[1]=administrator@acme.com, id[1]=2, id[0]=1, identity.email[0]=john.doe@acme.com, username[1]=administrator, username[0]=anonymous, command=list, principal=acme.framework.entities.Principal@40dce48d, org.springframework.validation.BindingResult.principal=org.springframework.validation.BeanPropertyBindingResult: 0 errors} 
2022-02-13 17:32:39.189 DEBUG [org.apache.jasper.servlet.JspServlet@http-nio-8080-exec-4] JspEngine --> /WEB-INF/views/master/page.jsp 
2022-02-13 17:32:39.190 DEBUG [org.apache.jasper.servlet.JspServlet@http-nio-8080-exec-4] ServletPath: /WEB-INF/views/master/page.jsp 
2022-02-13 17:32:39.190 DEBUG [org.apache.jasper.servlet.JspServlet@http-nio-8080-exec-4] PathInfo: null 
2022-02-13 17:32:39.190 DEBUG [org.apache.jasper.servlet.JspServlet@http-nio-8080-exec-4] RealPath: C:\Users\luise\Desktop\Workspace-22.0\Starters\Hello-World-22.0\target\classes\WEB-INF\views\master\page.jsp 
2022-02-13 17:32:39.190 DEBUG [org.apache.jasper.servlet.JspServlet@http-nio-8080-exec-4] RequestURI: /hello-world-22.0/WEB-INF/views/master/page.jsp 
2022-02-13 17:32:39.190 DEBUG [org.apache.jasper.servlet.JspServlet@http-nio-8080-exec-4] QueryString: null 
2022-02-13 17:32:39.272 DEBUG [org.apache.jasper.servlet.JspServlet@http-nio-8080-exec-4] JspEngine --> /WEB-INF/views/administrator/user-account/list.jsp 
2022-02-13 17:32:39.272 DEBUG [org.apache.jasper.servlet.JspServlet@http-nio-8080-exec-4] ServletPath: /WEB-INF/views/master/page.jsp 
2022-02-13 17:32:39.272 DEBUG [org.apache.jasper.servlet.JspServlet@http-nio-8080-exec-4] PathInfo: null 
2022-02-13 17:32:39.273 DEBUG [org.apache.jasper.servlet.JspServlet@http-nio-8080-exec-4] RealPath: C:\Users\luise\Desktop\Workspace-22.0\Starters\Hello-World-22.0\target\classes\WEB-INF\views\administrator\user-account\list.jsp 
2022-02-13 17:32:39.274 DEBUG [org.apache.jasper.servlet.JspServlet@http-nio-8080-exec-4] RequestURI: /hello-world-22.0/WEB-INF/views/master/page.jsp 
2022-02-13 17:32:39.274 DEBUG [org.apache.jasper.servlet.JspServlet@http-nio-8080-exec-4] QueryString: null 
